app/build/intermediates/manifest_merge_blame_file/debug/manifest-merger-blame-debug-report.txt
1<?xml version="1.0" encoding="utf-8"?>
2<manifest xmlns:android="http://schemas.android.com/apk/res/android"
3    package="com.example.biddle"
4    android:versionCode="1"
5    android:versionName="1.0" >
6
7    <uses-sdk
8        android:minSdkVersion="18"
8-->src\main\AndroidManifest.xml
9        android:targetSdkVersion="30" />
9-->src\main\AndroidManifest.xml
10
11    <uses-permission android:name="android.permission.INTERNET" />
11-->src\main\AndroidManifest.xml:5:5-67
11-->src\main\AndroidManifest.xml:5:22-64
12    <uses-permission android:name="android.permission.ACCESS_NETWORK_STATE" />
12-->[com.google.firebase:firebase-auth:20.0.1] AndroidManifest.xml:24:5-79
12-->[com.google.firebase:firebase-auth:20.0.1] AndroidManifest.xml:24:22-76
13    <uses-permission android:name="android.permission.WAKE_LOCK" />
13-->[com.google.android.gms:play-services-measurement-api:18.0.0] AndroidManifest.xml:24:5-68
13-->[com.google.android.gms:play-services-measurement-api:18.0.0] AndroidManifest.xml:24:22-65
14    <uses-permission android:name="com.google.android.finsky.permission.BIND_GET_INSTALL_REFERRER_SERVICE" />
14-->[com.google.android.gms:play-services-measurement:18.0.0] AndroidManifest.xml:26:5-110
14-->[com.google.android.gms:play-services-measurement:18.0.0] AndroidManifest.xml:26:22-107
15
16    <application
16-->src\main\AndroidManifest.xml:7:5-45:19
17        android:name="androidx.multidex.MultiDexApplication"
18        android:allowBackup="true"
18-->src\main\AndroidManifest.xml:8:9-35
19        android:appComponentFactory="androidx.core.app.CoreComponentFactory"
19-->[androidx.core:core:1.3.1] AndroidManifest.xml:24:18-86
20        android:debuggable="true"
21        android:icon="@mipmap/ic_launcher"
21-->src\main\AndroidManifest.xml:9:9-43
22        android:label="@string/app_name"
22-->src\main\AndroidManifest.xml:10:9-41
23        android:roundIcon="@mipmap/ic_launcher_round"
23-->src\main\AndroidManifest.xml:11:9-54
24        android:supportsRtl="true"
24-->src\main\AndroidManifest.xml:12:9-35
25        android:testOnly="true"
26        android:theme="@style/Theme.Biddle" >
26-->src\main\AndroidManifest.xml:13:9-44
27        <activity android:name="com.example.biddle.Activites.ReceiptDetails" />
27-->src\main\AndroidManifest.xml:14:9-71
27-->src\main\AndroidManifest.xml:14:19-59
28        <activity android:name="com.example.biddle.Activites.EditProfileCustomerActivity" />
28-->src\main\AndroidManifest.xml:15:9-75
28-->src\main\AndroidManifest.xml:15:19-72
29        <activity android:name="com.example.biddle.Activites.EditProfileSellerActivity" />
29-->src\main\AndroidManifest.xml:16:9-73
29-->src\main\AndroidManifest.xml:16:19-70
30        <activity android:name="com.example.biddle.Activites.PurchasedProductsSellerActivity" />
30-->src\main\AndroidManifest.xml:17:9-79
30-->src\main\AndroidManifest.xml:17:19-76
31        <activity android:name="com.example.biddle.Activites.PurchasedProductsCustomerActivity" />
31-->src\main\AndroidManifest.xml:18:9-81
31-->src\main\AndroidManifest.xml:18:19-78
32        <activity android:name="com.example.biddle.Activites.PriceOfferedProductsCustomerActivity" />
32-->src\main\AndroidManifest.xml:19:9-84
32-->src\main\AndroidManifest.xml:19:19-81
33        <activity android:name="com.example.biddle.Activites.StarProductsCustomerActivity" />
33-->src\main\AndroidManifest.xml:20:9-76
33-->src\main\AndroidManifest.xml:20:19-73
34        <activity android:name="com.example.biddle.Activites.ProductDetailsActivity" />
34-->src\main\AndroidManifest.xml:21:9-70
34-->src\main\AndroidManifest.xml:21:19-67
35        <activity
35-->src\main\AndroidManifest.xml:22:9-24:63
36            android:name="com.example.biddle.Activites.CustomerActivity"
36-->src\main\AndroidManifest.xml:23:13-55
37            android:label="@string/title_activity_customer" />
37-->src\main\AndroidManifest.xml:24:13-60
38        <activity
38-->src\main\AndroidManifest.xml:25:9-28:63
39            android:name="com.example.biddle.Activites.ProductFormActivity"
39-->src\main\AndroidManifest.xml:26:13-58
40            android:label="@string/title_activity_product_form"
40-->src\main\AndroidManifest.xml:27:13-64
41            android:theme="@style/Theme.Biddle.NoActionBar" />
41-->src\main\AndroidManifest.xml:28:13-60
42        <activity android:name="com.example.biddle.Activites.SellerActivity" />
42-->src\main\AndroidManifest.xml:29:9-62
42-->src\main\AndroidManifest.xml:29:19-59
43        <activity
43-->src\main\AndroidManifest.xml:30:9-33:63
44            android:name="com.example.biddle.Activites.LandingPageActivity"
44-->src\main\AndroidManifest.xml:31:13-58
45            android:label="@string/title_activity_landing_page"
45-->src\main\AndroidManifest.xml:32:13-64
46            android:theme="@style/Theme.Biddle.NoActionBar" />
46-->src\main\AndroidManifest.xml:33:13-60
47        <activity
47-->src\main\AndroidManifest.xml:34:9-37:63
48            android:name="com.example.biddle.Activites.SignupActivity"
48-->src\main\AndroidManifest.xml:35:13-53
49            android:label="@string/title_activity_signup"
49-->src\main\AndroidManifest.xml:36:13-58
50            android:theme="@style/Theme.Biddle.NoActionBar" />
50-->src\main\AndroidManifest.xml:37:13-60
51        <activity android:name="com.example.biddle.Activites.MainActivity" >
51-->src\main\AndroidManifest.xml:38:9-44:20
51-->src\main\AndroidManifest.xml:38:19-57
52            <intent-filter>
52-->src\main\AndroidManifest.xml:39:13-43:29
53                <category android:name="android.intent.category.LAUNCHER" />
53-->src\main\AndroidManifest.xml:40:17-77
53-->src\main\AndroidManifest.xml:40:27-74
54
55                <action android:name="android.intent.action.MAIN" />
55-->src\main\AndroidManifest.xml:42:17-69
55-->src\main\AndroidManifest.xml:42:25-66
56            </intent-filter>
57        </activity>
58        <activity
58-->[com.google.firebase:firebase-auth:20.0.1] AndroidManifest.xml:27:9-44:20
59            android:name="com.google.firebase.auth.internal.GenericIdpActivity"
59-->[com.google.firebase:firebase-auth:20.0.1] AndroidManifest.xml:28:13-80
60            android:excludeFromRecents="true"
60-->[com.google.firebase:firebase-auth:20.0.1] AndroidManifest.xml:29:13-46
61            android:exported="true"
61-->[com.google.firebase:firebase-auth:20.0.1] AndroidManifest.xml:30:13-36
62            android:launchMode="singleTask"
62-->[com.google.firebase:firebase-auth:20.0.1] AndroidManifest.xml:31:13-44
63            android:theme="@android:style/Theme.Translucent.NoTitleBar" >
63-->[com.google.firebase:firebase-auth:20.0.1] AndroidManifest.xml:32:13-72
64            <intent-filter>
64-->[com.google.firebase:firebase-auth:20.0.1] AndroidManifest.xml:33:13-43:29
65                <action android:name="android.intent.action.VIEW" />
65-->[com.google.firebase:firebase-auth:20.0.1] AndroidManifest.xml:34:17-69
65-->[com.google.firebase:firebase-auth:20.0.1] AndroidManifest.xml:34:25-66
66
67                <category android:name="android.intent.category.DEFAULT" />
67-->[com.google.firebase:firebase-auth:20.0.1] AndroidManifest.xml:36:17-76
67-->[com.google.firebase:firebase-auth:20.0.1] AndroidManifest.xml:36:27-73
68                <category android:name="android.intent.category.BROWSABLE" />
68-->[com.google.firebase:firebase-auth:20.0.1] AndroidManifest.xml:37:17-78
68-->[com.google.firebase:firebase-auth:20.0.1] AndroidManifest.xml:37:27-75
69
70                <data
70-->[com.google.firebase:firebase-auth:20.0.1] AndroidManifest.xml:39:17-42:51
71                    android:host="firebase.auth"
71-->[com.google.firebase:firebase-auth:20.0.1] AndroidManifest.xml:40:21-49
72                    android:path="/"
72-->[com.google.firebase:firebase-auth:20.0.1] AndroidManifest.xml:41:21-37
73                    android:scheme="genericidp" />
73-->[com.google.firebase:firebase-auth:20.0.1] AndroidManifest.xml:42:21-48
74            </intent-filter>
75        </activity>
76        <activity
76-->[com.google.firebase:firebase-auth:20.0.1] AndroidManifest.xml:45:9-62:20
77            android:name="com.google.firebase.auth.internal.RecaptchaActivity"
77-->[com.google.firebase:firebase-auth:20.0.1] AndroidManifest.xml:46:13-79
78            android:excludeFromRecents="true"
78-->[com.google.firebase:firebase-auth:20.0.1] AndroidManifest.xml:47:13-46
79            android:exported="true"
79-->[com.google.firebase:firebase-auth:20.0.1] AndroidManifest.xml:48:13-36
80            android:launchMode="singleTask"
80-->[com.google.firebase:firebase-auth:20.0.1] AndroidManifest.xml:49:13-44
81            android:theme="@android:style/Theme.Translucent.NoTitleBar" >
81-->[com.google.firebase:firebase-auth:20.0.1] AndroidManifest.xml:50:13-72
82            <intent-filter>
82-->[com.google.firebase:firebase-auth:20.0.1] AndroidManifest.xml:51:13-61:29
83                <action android:name="android.intent.action.VIEW" />
83-->[com.google.firebase:firebase-auth:20.0.1] AndroidManifest.xml:34:17-69
83-->[com.google.firebase:firebase-auth:20.0.1] AndroidManifest.xml:34:25-66
84
85                <category android:name="android.intent.category.DEFAULT" />
85-->[com.google.firebase:firebase-auth:20.0.1] AndroidManifest.xml:36:17-76
85-->[com.google.firebase:firebase-auth:20.0.1] AndroidManifest.xml:36:27-73
86                <category android:name="android.intent.category.BROWSABLE" />
86-->[com.google.firebase:firebase-auth:20.0.1] AndroidManifest.xml:37:17-78
86-->[com.google.firebase:firebase-auth:20.0.1] AndroidManifest.xml:37:27-75
87
88                <data
88-->[com.google.firebase:firebase-auth:20.0.1] AndroidManifest.xml:39:17-42:51
89                    android:host="firebase.auth"
89-->[com.google.firebase:firebase-auth:20.0.1] AndroidManifest.xml:40:21-49
90                    android:path="/"
90-->[com.google.firebase:firebase-auth:20.0.1] AndroidManifest.xml:41:21-37
91                    android:scheme="recaptcha" />
91-->[com.google.firebase:firebase-auth:20.0.1] AndroidManifest.xml:42:21-48
92            </intent-filter>
93        </activity>
94
95        <service
95-->[com.google.firebase:firebase-auth:20.0.1] AndroidManifest.xml:64:9-73:19
96            android:name="com.google.firebase.auth.api.fallback.service.FirebaseAuthFallbackService"
96-->[com.google.firebase:firebase-auth:20.0.1] AndroidManifest.xml:65:13-101
97            android:enabled="true"
97-->[com.google.firebase:firebase-auth:20.0.1] AndroidManifest.xml:66:13-35
98            android:exported="false" >
98-->[com.google.firebase:firebase-auth:20.0.1] AndroidManifest.xml:67:13-37
99            <intent-filter>
99-->[com.google.firebase:firebase-auth:20.0.1] AndroidManifest.xml:68:13-72:29
100                <action android:name="com.google.firebase.auth.api.gms.service.START" />
100-->[com.google.firebase:firebase-auth:20.0.1] AndroidManifest.xml:69:17-89
100-->[com.google.firebase:firebase-auth:20.0.1] AndroidManifest.xml:69:25-86
101
102                <category android:name="android.intent.category.DEFAULT" />
102-->[com.google.firebase:firebase-auth:20.0.1] AndroidManifest.xml:36:17-76
102-->[com.google.firebase:firebase-auth:20.0.1] AndroidManifest.xml:36:27-73
103            </intent-filter>
104        </service>
105        <service
105-->[com.google.firebase:firebase-auth:20.0.1] AndroidManifest.xml:74:9-80:19
106            android:name="com.google.firebase.components.ComponentDiscoveryService"
106-->[com.google.firebase:firebase-auth:20.0.1] AndroidManifest.xml:75:13-84
107            android:directBootAware="true"
107-->[com.google.firebase:firebase-common:19.4.0] AndroidManifest.xml:35:13-43
108            android:exported="false" >
108-->[com.google.firebase:firebase-auth:20.0.1] AndroidManifest.xml:76:13-37
109            <meta-data
109-->[com.google.firebase:firebase-auth:20.0.1] AndroidManifest.xml:77:13-79:85
110                android:name="com.google.firebase.components:com.google.firebase.auth.FirebaseAuthRegistrar"
110-->[com.google.firebase:firebase-auth:20.0.1] AndroidManifest.xml:78:17-109
111                android:value="com.google.firebase.components.ComponentRegistrar" />
111-->[com.google.firebase:firebase-auth:20.0.1] AndroidManifest.xml:79:17-82
112            <meta-data
112-->[com.google.firebase:firebase-database:19.5.1] AndroidManifest.xml:32:13-34:85
113                android:name="com.google.firebase.components:com.google.firebase.database.DatabaseRegistrar"
113-->[com.google.firebase:firebase-database:19.5.1] AndroidManifest.xml:33:17-109
114                android:value="com.google.firebase.components.ComponentRegistrar" />
114-->[com.google.firebase:firebase-database:19.5.1] AndroidManifest.xml:34:17-82
115            <meta-data
115-->[com.google.firebase:firebase-storage:19.2.0] AndroidManifest.xml:33:13-35:85
116                android:name="com.google.firebase.components:com.google.firebase.storage.StorageRegistrar"
116-->[com.google.firebase:firebase-storage:19.2.0] AndroidManifest.xml:34:17-107
117                android:value="com.google.firebase.components.ComponentRegistrar" />
117-->[com.google.firebase:firebase-storage:19.2.0] AndroidManifest.xml:35:17-82
118            <meta-data
118-->[com.google.android.gms:play-services-measurement-api:18.0.0] AndroidManifest.xml:30:13-32:85
119                android:name="com.google.firebase.components:com.google.firebase.analytics.connector.internal.AnalyticsConnectorRegistrar"
119-->[com.google.android.gms:play-services-measurement-api:18.0.0] AndroidManifest.xml:31:17-139
120                android:value="com.google.firebase.components.ComponentRegistrar" />
120-->[com.google.android.gms:play-services-measurement-api:18.0.0] AndroidManifest.xml:32:17-82
121            <meta-data
121-->[com.google.firebase:firebase-installations:16.3.4] AndroidManifest.xml:18:13-20:85
122                android:name="com.google.firebase.components:com.google.firebase.installations.FirebaseInstallationsRegistrar"
122-->[com.google.firebase:firebase-installations:16.3.4] AndroidManifest.xml:19:17-127
123                android:value="com.google.firebase.components.ComponentRegistrar" />
123-->[com.google.firebase:firebase-installations:16.3.4] AndroidManifest.xml:20:17-82
124        </service>
125
126        <activity
126-->[com.google.android.gms:play-services-auth:19.0.0] AndroidManifest.xml:23:9-27:75
127            android:name="com.google.android.gms.auth.api.signin.internal.SignInHubActivity"
127-->[com.google.android.gms:play-services-auth:19.0.0] AndroidManifest.xml:24:13-93
128            android:excludeFromRecents="true"
128-->[com.google.android.gms:play-services-auth:19.0.0] AndroidManifest.xml:25:13-46
129            android:exported="false"
129-->[com.google.android.gms:play-services-auth:19.0.0] AndroidManifest.xml:26:13-37
130            android:theme="@android:style/Theme.Translucent.NoTitleBar" />
130-->[com.google.android.gms:play-services-auth:19.0.0] AndroidManifest.xml:27:13-72
131        <!--
132            Service handling Google Sign-In user revocation. For apps that do not integrate with
133            Google Sign-In, this service will never be started.
134        -->
135        <service
135-->[com.google.android.gms:play-services-auth:19.0.0] AndroidManifest.xml:33:9-37:51
136            android:name="com.google.android.gms.auth.api.signin.RevocationBoundService"
136-->[com.google.android.gms:play-services-auth:19.0.0] AndroidManifest.xml:34:13-89
137            android:exported="true"
137-->[com.google.android.gms:play-services-auth:19.0.0] AndroidManifest.xml:35:13-36
138            android:permission="com.google.android.gms.auth.api.signin.permission.REVOCATION_NOTIFICATION"
138-->[com.google.android.gms:play-services-auth:19.0.0] AndroidManifest.xml:36:13-107
139            android:visibleToInstantApps="true" />
139-->[com.google.android.gms:play-services-auth:19.0.0] AndroidManifest.xml:37:13-48
140
141        <provider
141-->[com.google.firebase:firebase-common:19.4.0] AndroidManifest.xml:26:9-31:39
142            android:name="com.google.firebase.provider.FirebaseInitProvider"
142-->[com.google.firebase:firebase-common:19.4.0] AndroidManifest.xml:27:13-77
143            android:authorities="com.example.biddle.firebaseinitprovider"
143-->[com.google.firebase:firebase-common:19.4.0] AndroidManifest.xml:28:13-72
144            android:directBootAware="true"
144-->[com.google.firebase:firebase-common:19.4.0] AndroidManifest.xml:29:13-43
145            android:exported="false"
145-->[com.google.firebase:firebase-common:19.4.0] AndroidManifest.xml:30:13-37
146            android:initOrder="100" />
146-->[com.google.firebase:firebase-common:19.4.0] AndroidManifest.xml:31:13-36
147
148        <activity
148-->[com.google.android.gms:play-services-base:17.1.0] AndroidManifest.xml:23:9-26:75
149            android:name="com.google.android.gms.common.api.GoogleApiActivity"
149-->[com.google.android.gms:play-services-base:17.1.0] AndroidManifest.xml:24:13-79
150            android:exported="false"
150-->[com.google.android.gms:play-services-base:17.1.0] AndroidManifest.xml:25:13-37
151            android:theme="@android:style/Theme.Translucent.NoTitleBar" />
151-->[com.google.android.gms:play-services-base:17.1.0] AndroidManifest.xml:26:13-72
152
153        <receiver
153-->[com.google.android.gms:play-services-measurement:18.0.0] AndroidManifest.xml:29:9-33:20
154            android:name="com.google.android.gms.measurement.AppMeasurementReceiver"
154-->[com.google.android.gms:play-services-measurement:18.0.0] AndroidManifest.xml:30:13-85
155            android:enabled="true"
155-->[com.google.android.gms:play-services-measurement:18.0.0] AndroidManifest.xml:31:13-35
156            android:exported="false" >
156-->[com.google.android.gms:play-services-measurement:18.0.0] AndroidManifest.xml:32:13-37
157        </receiver>
158
159        <service
159-->[com.google.android.gms:play-services-measurement:18.0.0] AndroidManifest.xml:35:9-38:40
160            android:name="com.google.android.gms.measurement.AppMeasurementService"
160-->[com.google.android.gms:play-services-measurement:18.0.0] AndroidManifest.xml:36:13-84
161            android:enabled="true"
161-->[com.google.android.gms:play-services-measurement:18.0.0] AndroidManifest.xml:37:13-35
162            android:exported="false" />
162-->[com.google.android.gms:play-services-measurement:18.0.0] AndroidManifest.xml:38:13-37
163        <service
163-->[com.google.android.gms:play-services-measurement:18.0.0] AndroidManifest.xml:39:9-43:72
164            android:name="com.google.android.gms.measurement.AppMeasurementJobService"
164-->[com.google.android.gms:play-services-measurement:18.0.0] AndroidManifest.xml:40:13-87
165            android:enabled="true"
165-->[com.google.android.gms:play-services-measurement:18.0.0] AndroidManifest.xml:41:13-35
166            android:exported="false"
166-->[com.google.android.gms:play-services-measurement:18.0.0] AndroidManifest.xml:42:13-37
167            android:permission="android.permission.BIND_JOB_SERVICE" />
167-->[com.google.android.gms:play-services-measurement:18.0.0] AndroidManifest.xml:43:13-69
168
169        <meta-data
169-->[com.google.android.gms:play-services-basement:17.1.1] AndroidManifest.xml:23:9-25:69
170            android:name="com.google.android.gms.version"
170-->[com.google.android.gms:play-services-basement:17.1.1] AndroidManifest.xml:24:13-58
171            android:value="@integer/google_play_services_version" />
171-->[com.google.android.gms:play-services-basement:17.1.1] AndroidManifest.xml:25:13-66
172    </application>
173
174</manifest>